0 info it worked if it ends with ok
1 verbose cli [ '/usr/bin/node', '/usr/bin/npm', 'start' ]
2 info using npm@3.10.10
3 info using node@v6.14.4
4 verbose run-script [ 'prestart', 'start', 'poststart' ]
5 info lifecycle video_chat@1.0.0~prestart: video_chat@1.0.0
6 silly lifecycle video_chat@1.0.0~prestart: no script for prestart, continuing
7 info lifecycle video_chat@1.0.0~start: video_chat@1.0.0
8 verbose lifecycle video_chat@1.0.0~start: unsafe-perm in lifecycle true
9 verbose lifecycle video_chat@1.0.0~start: PATH: /usr/lib/node_modules/npm/bin/node-gyp-bin:/home/ankit/Downloads/video_chat/node_modules/.bin:/usr/local/cuda-8.0/bin/:/home/ankitsalvi/miniconda3/bin:/home/ankit/bin:/home/ankit/.local/bin:/usr/local/sbin:/usr/local/bin:/usr/sbin:/usr/bin:/sbin:/bin:/usr/games:/usr/local/games:/snap/bin:/home/ankit/bin:/home/ankit/bin
10 verbose lifecycle video_chat@1.0.0~start: CWD: /home/ankit/Downloads/video_chat
11 silly lifecycle video_chat@1.0.0~start: Args: [ '-c', 'budo index.js:bundle.js' ]
12 silly lifecycle video_chat@1.0.0~start: Returned: code: 143  signal: null
13 info lifecycle video_chat@1.0.0~start: Failed to exec start script
14 verbose stack Error: video_chat@1.0.0 start: `budo index.js:bundle.js`
14 verbose stack Exit status 143
14 verbose stack     at EventEmitter.<anonymous> (/usr/lib/node_modules/npm/lib/utils/lifecycle.js:255:16)
14 verbose stack     at emitTwo (events.js:106:13)
14 verbose stack     at EventEmitter.emit (events.js:191:7)
14 verbose stack     at ChildProcess.<anonymous> (/usr/lib/node_modules/npm/lib/utils/spawn.js:40:14)
14 verbose stack     at emitTwo (events.js:106:13)
14 verbose stack     at ChildProcess.emit (events.js:191:7)
14 verbose stack     at maybeClose (internal/child_process.js:920:16)
14 verbose stack     at Process.ChildProcess._handle.onexit (internal/child_process.js:230:5)
15 verbose pkgid video_chat@1.0.0
16 verbose cwd /home/ankit/Downloads/video_chat
17 error Linux 4.15.0-36-generic
18 error argv "/usr/bin/node" "/usr/bin/npm" "start"
19 error node v6.14.4
20 error npm  v3.10.10
21 error code ELIFECYCLE
22 error video_chat@1.0.0 start: `budo index.js:bundle.js`
22 error Exit status 143
23 error Failed at the video_chat@1.0.0 start script 'budo index.js:bundle.js'.
23 error Make sure you have the latest version of node.js and npm installed.
23 error If you do, this is most likely a problem with the video_chat package,
23 error not with npm itself.
23 error Tell the author that this fails on your system:
23 error     budo index.js:bundle.js
23 error You can get information on how to open an issue for this project with:
23 error     npm bugs video_chat
23 error Or if that isn't available, you can get their info via:
23 error     npm owner ls video_chat
23 error There is likely additional logging output above.
24 verbose exit [ 1, true ]
